<?xml version="1.0" encoding="UTF-8"?>
<!-- Generated by org.testng.reporters.JUnitReportReporter -->
<testsuite hostname="SIDDESH" failures="0" tests="1" name="automationpractise.Automation" time="75.320" errors="0" timestamp="2020-11-01T23:51:04 IST" skipped="0">
  <testcase classname="automationpractise.Automation" name="buyProduct" time="75.320"/>
  <system-out>
order placed  </system-out>
</testsuite> <!-- automationpractise.Automation -->
