<?xml version="1.0" encoding="UTF-8"?>
<!-- Generated by org.testng.reporters.JUnitReportReporter -->
<testsuite hostname="SIDDESH" failures="0" tests="1" name="Motorola.Automation.Automation" time="17.913" errors="0" timestamp="2020-10-31T19:49:10 IST" skipped="0">
  <testcase classname="Motorola.Automation.Automation" name="validation" time="17.913"/>
  <system-out>
Error found  </system-out>
</testsuite> <!-- Motorola.Automation.Automation -->
