<?xml version="1.0" encoding="UTF-8"?>
<!-- Generated by org.testng.reporters.JUnitReportReporter -->
<testsuite hostname="SIDDESH" failures="0" tests="9" name="automationpractise.Automation" time="248.722" errors="0" timestamp="2020-11-01T23:55:31 IST" skipped="0">
  <testcase classname="automationpractise.Automation" name="userValidate" time="28.457"/>
  <system-out>
User created successfully  </system-out>
  <testcase classname="automationpractise.Automation" name="verifyEmail" time="18.525"/>
  <system-out>
invalid user error showing up  </system-out>
  <testcase classname="automationpractise.Automation" name="mandataryFeilds" time="27.140"/>
  <system-out>
Errors dispyed properly  </system-out>
  <testcase classname="automationpractise.Automation" name="changeQuantity" time="21.394"/>
  <system-out/>
  <testcase classname="automationpractise.Automation" name="searchProduct" time="21.084"/>
  <system-out>
Search working properly  </system-out>
  <testcase classname="automationpractise.Automation" name="buyProduct" time="48.736"/>
  <system-out>
order placed  </system-out>
  <testcase classname="automationpractise.Automation" name="errorMessage" time="17.306"/>
  <system-out>
Error messages displyed  </system-out>
  <testcase classname="automationpractise.Automation" name="wishList" time="29.009"/>
  <system-out>
item is present in wishList Error messages displyed  </system-out>
  <testcase classname="automationpractise.Automation" name="quantity" time="37.071"/>
  <system-out>
price changed  </system-out>
</testsuite> <!-- automationpractise.Automation -->
